{
  "RSpec": {
    "coverage": {
      "/home/be5/RailsProjects/bes-todo-list/config/environment.rb": [
        null,
        1,
        null,
        null,
        1
      ],
      "/home/be5/RailsProjects/bes-todo-list/config/application.rb": [
        1,
        1,
        null,
        1,
        null,
        1,
        1,
        1,
        1,
        1,
        1,
        null,
        1,
        1,
        null,
        null,
        null,
        null,
        null,
        null,
        null,
        null
      ],
      "/home/be5/RailsProjects/bes-todo-list/config/boot.rb": [
        1,
        null,
        1
      ],
      "/home/be5/RailsProjects/bes-todo-list/config/environments/test.rb": [
        1,
        null,
        null,
        null,
        null,
        null,
        null,
        1,
        null,
        null,
        null,
        null,
        1,
        null,
        null,
        1,
        1,
        null,
        null,
        null,
        null,
        1,
        1,
        null,
        null,
        1,
        null,
        null,
        1,
        1,
        null,
        null,
        null,
        null,
        1,
        null,
        null,
        1,
        null,
        null,
        null,
        null
      ],
      "/home/be5/RailsProjects/bes-todo-list/config/initializers/application_controller_renderer.rb": [
        null,
        null,
        null,
        null,
        null,
        null
      ],
      "/home/be5/RailsProjects/bes-todo-list/config/initializers/assets.rb": [
        null,
        null,
        null,
        1,
        null,
        null,
        null,
        null,
        1,
        null,
        null,
        null,
        null,
        null
      ],
      "/home/be5/RailsProjects/bes-todo-list/config/initializers/backtrace_silencers.rb": [
        null,
        null,
        null,
        null,
        null,
        null,
        null
      ],
      "/home/be5/RailsProjects/bes-todo-list/config/initializers/cookies_serializer.rb": [
        null,
        null,
        null,
        null,
        1
      ],
      "/home/be5/RailsProjects/bes-todo-list/config/initializers/devise.rb": [
        null,
        null,
        null,
        null,
        1,
        null,
        null,
        null,
        null,
        null,
        null,
        null,
        null,
        null,
        null,
        null,
        null,
        null,
        null,
        null,
        1,
        null,
        null,
        null,
        null,
        null,
        null,
        null,
        null,
        null,
        null,
        null,
        1,
        null,
        null,
        null,
        null,
        null,
        null,
        null,
        null,
        null,
        null,
        null,
        null,
        null,
        null,
        null,
        null,
        null,
        null,
        null,
        null,
        null,
        1,
        null,
        null,
        null,
        null,
        1,
        null,
        null,
        null,
        null,
        null,
        null,
        null,
        null,
        null,
        null,
        null,
        null,
        null,
        null,
        null,
        null,
        null,
        null,
        null,
        null,
        null,
        null,
        null,
        null,
        null,
        null,
        null,
        null,
        null,
        null,
        1,
        null,
        null,
        null,
        null,
        null,
        null,
        null,
        null,
        null,
        null,
        null,
        null,
        null,
        null,
        null,
        null,
        null,
        null,
        null,
        null,
        null,
        null,
        1,
        null,
        null,
        null,
        null,
        null,
        null,
        null,
        null,
        null,
        null,
        null,
        null,
        null,
        null,
        null,
        null,
        null,
        null,
        null,
        null,
        null,
        null,
        null,
        null,
        null,
        null,
        null,
        null,
        null,
        null,
        1,
        null,
        null,
        null,
        null,
        null,
        null,
        null,
        null,
        null,
        1,
        null,
        null,
        null,
        null,
        null,
        null,
        null,
        null,
        null,
        null,
        1,
        null,
        null,
        null,
        null,
        1,
        null,
        null,
        null,
        null,
        null,
        null,
        null,
        null,
        null,
        null,
        null,
        null,
        null,
        null,
        null,
        null,
        null,
        null,
        null,
        null,
        null,
        null,
        null,
        null,
        null,
        null,
        null,
        null,
        null,
        null,
        null,
        null,
        null,
        null,
        null,
        null,
        null,
        null,
        null,
        null,
        1,
        null,
        null,
        null,
        null,
        null,
        null,
        null,
        null,
        null,
        null,
        null,
        null,
        null,
        null,
        null,
        null,
        null,
        null,
        null,
        null,
        null,
        null,
        null,
        null,
        null,
        null,
        null,
        null,
        null,
        null,
        null,
        null,
        null,
        null,
        null,
        null,
        null,
        null,
        null,
        null,
        null,
        1,
        null,
        null,
        null,
        null,
        null,
        1,
        null,
        null,
        null,
        null,
        null,
        null,
        null,
        null,
        null,
        null,
        null,
        null,
        null,
        null,
        null,
        null,
        null,
        null,
        null,
        null,
        null,
        null,
        null,
        null
      ],
      "/home/be5/RailsProjects/bes-todo-list/config/initializers/filter_parameter_logging.rb": [
        null,
        null,
        null,
        1
      ],
      "/home/be5/RailsProjects/bes-todo-list/config/initializers/inflections.rb": [
        null,
        null,
        null,
        null,
        null,
        null,
        null,
        null,
        null,
        null,
        null,
        null,
        null,
        null,
        null,
        null
      ],
      "/home/be5/RailsProjects/bes-todo-list/config/initializers/mime_types.rb": [
        null,
        null,
        null,
        null
      ],
      "/home/be5/RailsProjects/bes-todo-list/config/initializers/sidekiq.rb": [
        1,
        1,
        null,
        null,
        1,
        0,
        null
      ],
      "/home/be5/RailsProjects/bes-todo-list/config/initializers/timezone.rb": [
        1,
        1,
        null
      ],
      "/home/be5/RailsProjects/bes-todo-list/config/initializers/wrap_parameters.rb": [
        null,
        null,
        null,
        null,
        null,
        null,
        1,
        2,
        null,
        null,
        null,
        null,
        null,
        null
      ],
      "/home/be5/RailsProjects/bes-todo-list/spec/factories/lists.rb": [
        1,
        1,
        21,
        27,
        null,
        null
      ],
      "/home/be5/RailsProjects/bes-todo-list/spec/factories/tasks.rb": [
        1,
        1,
        1,
        1,
        1,
        1,
        11,
        null,
        1,
        3,
        null,
        null,
        null
      ],
      "/home/be5/RailsProjects/bes-todo-list/spec/factories/users.rb": [
        1,
        1,
        33,
        33,
        null,
        null
      ],
      "/home/be5/RailsProjects/bes-todo-list/config/routes.rb": [
        1,
        1,
        1,
        1,
        null,
        null,
        null,
        null,
        null,
        1,
        1,
        null,
        null,
        1,
        null,
        null
      ],
      "/home/be5/RailsProjects/bes-todo-list/app/models/user.rb": [
        1,
        null,
        null,
        1,
        null,
        null,
        null,
        1,
        null,
        1,
        0,
        0,
        0,
        null,
        null,
        null
      ],
      "/home/be5/RailsProjects/bes-todo-list/app/models/application_record.rb": [
        1,
        1,
        null
      ],
      "/home/be5/RailsProjects/bes-todo-list/app/helpers/application_helper.rb": [
        1,
        null
      ],
      "/home/be5/RailsProjects/bes-todo-list/app/helpers/lists_helper.rb": [
        1,
        null
      ],
      "/home/be5/RailsProjects/bes-todo-list/app/helpers/tasks_helper.rb": [
        1,
        null
      ],
      "/home/be5/RailsProjects/bes-todo-list/app/controllers/lists_controller.rb": [
        1,
        1,
        1,
        1,
        null,
        null,
        1,
        19,
        null,
        null,
        1,
        2,
        4,
        null,
        null,
        null,
        1,
        0,
        0,
        null,
        null,
        1,
        0,
        null,
        null,
        1,
        3,
        3,
        null,
        null,
        1,
        3,
        null,
        null,
        1,
        4,
        4,
        4,
        2,
        2,
        null,
        2,
        4,
        2,
        null,
        null,
        null,
        null,
        1,
        4,
        4,
        2,
        2,
        null,
        2,
        4,
        2,
        null,
        null,
        null,
        null,
        1,
        2,
        2,
        null,
        2,
        2,
        null,
        null,
        null,
        1,
        1,
        9,
        null,
        null,
        1,
        31,
        null,
        null,
        1,
        8,
        null,
        null
      ],
      "/home/be5/RailsProjects/bes-todo-list/app/controllers/application_controller.rb": [
        1,
        1,
        null,
        1,
        null,
        1,
        63,
        null,
        null,
        1,
        6,
        null,
        null,
        1,
        47,
        null,
        null,
        null
      ],
      "/home/be5/RailsProjects/bes-todo-list/spec/controllers/tasks_controller_spec.rb": [
        1,
        null,
        1,
        4,
        4,
        null,
        1,
        3,
        null,
        null,
        1,
        1,
        1,
        1,
        1,
        null,
        null,
        null,
        null,
        1,
        1,
        1,
        1,
        1,
        null,
        null,
        null,
        null,
        1,
        1,
        1,
        1,
        1,
        1,
        null,
        null,
        null
      ],
      "/home/be5/RailsProjects/bes-todo-list/app/controllers/tasks_controller.rb": [
        1,
        1,
        1,
        1,
        null,
        1,
        null,
        1,
        12,
        null,
        null,
        1,
        null,
        1,
        3,
        3,
        null,
        null,
        1,
        2,
        null,
        null,
        1,
        4,
        4,
        4,
        4,
        3,
        3,
        null,
        1,
        2,
        1,
        null,
        null,
        null,
        null,
        1,
        3,
        3,
        3,
        3,
        2,
        2,
        null,
        1,
        2,
        1,
        null,
        null,
        null,
        null,
        1,
        2,
        2,
        null,
        2,
        2,
        null,
        null,
        null,
        1,
        1,
        7,
        7,
        7,
        7,
        null,
        7,
        null,
        null,
        1,
        7,
        null,
        null,
        1,
        26,
        null,
        null,
        1,
        7,
        null,
        null,
        1,
        0,
        0,
        0,
        null,
        null,
        null
      ],
      "/home/be5/RailsProjects/bes-todo-list/spec/features/lists_spec.rb": [
        1,
        null,
        1,
        9,
        null,
        1,
        8,
        null,
        null,
        1,
        1,
        null,
        1,
        1,
        1,
        1,
        1,
        null,
        1,
        1,
        null,
        null,
        1,
        null,
        1,
        null,
        null,
        1,
        1,
        1,
        null,
        1,
        1,
        1,
        1,
        null,
        null,
        null,
        null,
        null,
        null,
        1,
        1,
        1,
        1,
        1,
        1,
        null,
        1,
        null,
        null,
        null,
        null,
        null,
        null,
        1,
        1,
        1,
        1,
        null,
        1,
        1,
        1,
        1,
        null,
        null,
        null,
        null,
        null,
        null,
        1,
        1,
        1,
        1,
        1,
        null,
        1,
        1,
        null,
        1,
        null,
        null,
        null,
        null,
        null,
        null,
        1,
        1,
        1,
        null,
        1,
        null,
        null,
        1,
        1,
        null,
        1,
        1,
        1,
        1,
        null,
        null,
        1,
        null,
        1,
        null,
        null,
        1,
        1,
        1,
        1,
        1,
        1,
        1,
        null,
        null,
        0,
        null,
        null
      ],
      "/home/be5/RailsProjects/bes-todo-list/spec/features/tasks_spec.rb": [
        1,
        null,
        1,
        7,
        7,
        null,
        1,
        6,
        null,
        null,
        1,
        1,
        null,
        1,
        1,
        1,
        1,
        1,
        1,
        1,
        1,
        1,
        null,
        null,
        1,
        null,
        1,
        null,
        null,
        1,
        1,
        1,
        null,
        1,
        1,
        1,
        1,
        1,
        1,
        1,
        null,
        null,
        1,
        1,
        null,
        null,
        null,
        null,
        1,
        1,
        null,
        1,
        1,
        1,
        1,
        1,
        1,
        1,
        null,
        null,
        null,
        null,
        null,
        null,
        null,
        1,
        1,
        1,
        1,
        null,
        1,
        1,
        1,
        1,
        1,
        1,
        1,
        null,
        null,
        1,
        1,
        null,
        1,
        null,
        null,
        null,
        null,
        null,
        null,
        null,
        1,
        1,
        1,
        1,
        1,
        1,
        1,
        1,
        1,
        null,
        1,
        null,
        null,
        1,
        1,
        1,
        1,
        1,
        1,
        null,
        1,
        null,
        null,
        null
      ],
      "/home/be5/RailsProjects/bes-todo-list/spec/jobs/send_remind_mail_job_spec.rb": [
        1,
        null,
        1,
        1,
        null
      ],
      "/home/be5/RailsProjects/bes-todo-list/app/jobs/send_remind_mail_job.rb": [
        1,
        1,
        null,
        1,
        0,
        0,
        0,
        0,
        0,
        null,
        null,
        null,
        null
      ],
      "/home/be5/RailsProjects/bes-todo-list/app/jobs/application_job.rb": [
        1,
        null
      ],
      "/home/be5/RailsProjects/bes-todo-list/spec/mailers/remind_letter_spec.rb": [
        1,
        null,
        1,
        1,
        null
      ],
      "/home/be5/RailsProjects/bes-todo-list/app/mailers/remind_letter_mailer.rb": [
        1,
        null,
        1,
        0,
        0,
        null,
        null,
        null,
        null,
        null,
        null
      ],
      "/home/be5/RailsProjects/bes-todo-list/app/mailers/application_mailer.rb": [
        1,
        null,
        null,
        1,
        1,
        null
      ],
      "/home/be5/RailsProjects/bes-todo-list/spec/models/list_spec.rb": [
        1,
        null,
        1,
        null,
        1,
        1,
        null,
        null,
        1,
        1,
        1,
        1,
        null,
        null,
        1,
        1,
        1,
        1,
        1,
        null,
        null
      ],
      "/home/be5/RailsProjects/bes-todo-list/app/models/list.rb": [
        1,
        1,
        1,
        1,
        null
      ],
      "/home/be5/RailsProjects/bes-todo-list/spec/models/task_spec.rb": [
        1,
        null,
        1,
        1,
        1,
        null,
        null,
        1,
        1,
        1,
        1,
        null,
        null,
        null
      ],
      "/home/be5/RailsProjects/bes-todo-list/app/models/task.rb": [
        1,
        1,
        1,
        null,
        1,
        0,
        0,
        0,
        null,
        0,
        null,
        null,
        null,
        1,
        11,
        null,
        null,
        1,
        11,
        null,
        null,
        1,
        null,
        1,
        11,
        null,
        null,
        null,
        null,
        null,
        null
      ],
      "/home/be5/RailsProjects/bes-todo-list/spec/models/user_spec.rb": [
        1,
        null,
        1,
        1,
        1,
        null,
        null,
        1,
        1,
        1,
        1,
        null,
        null
      ]
    },
    "timestamp": 1533484442
  }
}
