{
  "RSpec": {
    "coverage": {
      "/home/be5/RailsProjects/bes-todo-list/config/environment.rb": [
        null,
        1,
        null,
        null,
        1
      ],
      "/home/be5/RailsProjects/bes-todo-list/config/application.rb": [
        1,
        1,
        null,
        1,
        null,
        1,
        1,
        1,
        1,
        1,
        1,
        null,
        1,
        1,
        null,
        null,
        null,
        null,
        null,
        null,
        null,
        null
      ],
      "/home/be5/RailsProjects/bes-todo-list/config/boot.rb": [
        1,
        null,
        1
      ],
      "/home/be5/RailsProjects/bes-todo-list/config/environments/test.rb": [
        1,
        null,
        null,
        null,
        null,
        null,
        null,
        1,
        null,
        null,
        null,
        null,
        1,
        null,
        null,
        1,
        1,
        null,
        null,
        null,
        null,
        1,
        1,
        null,
        null,
        1,
        null,
        null,
        1,
        1,
        null,
        null,
        null,
        null,
        1,
        null,
        null,
        1,
        null,
        null,
        null,
        null
      ],
      "/home/be5/RailsProjects/bes-todo-list/config/initializers/application_controller_renderer.rb": [
        null,
        null,
        null,
        null,
        null,
        null
      ],
      "/home/be5/RailsProjects/bes-todo-list/config/initializers/assets.rb": [
        null,
        null,
        null,
        1,
        null,
        null,
        null,
        null,
        1,
        null,
        null,
        null,
        null,
        null
      ],
      "/home/be5/RailsProjects/bes-todo-list/config/initializers/backtrace_silencers.rb": [
        null,
        null,
        null,
        null,
        null,
        null,
        null
      ],
      "/home/be5/RailsProjects/bes-todo-list/config/initializers/cookies_serializer.rb": [
        null,
        null,
        null,
        null,
        1
      ],
      "/home/be5/RailsProjects/bes-todo-list/config/initializers/devise.rb": [
        null,
        null,
        null,
        null,
        1,
        null,
        null,
        null,
        null,
        null,
        null,
        null,
        null,
        null,
        null,
        null,
        null,
        null,
        null,
        null,
        1,
        null,
        null,
        null,
        null,
        null,
        null,
        null,
        null,
        null,
        null,
        null,
        1,
        null,
        null,
        null,
        null,
        null,
        null,
        null,
        null,
        null,
        null,
        null,
        null,
        null,
        null,
        null,
        null,
        null,
        null,
        null,
        null,
        null,
        1,
        null,
        null,
        null,
        null,
        1,
        null,
        null,
        null,
        null,
        null,
        null,
        null,
        null,
        null,
        null,
        null,
        null,
        null,
        null,
        null,
        null,
        null,
        null,
        null,
        null,
        null,
        null,
        null,
        null,
        null,
        null,
        null,
        null,
        null,
        null,
        1,
        null,
        null,
        null,
        null,
        null,
        null,
        null,
        null,
        null,
        null,
        null,
        null,
        null,
        null,
        null,
        null,
        null,
        null,
        null,
        null,
        null,
        null,
        1,
        null,
        null,
        null,
        null,
        null,
        null,
        null,
        null,
        null,
        null,
        null,
        null,
        null,
        null,
        null,
        null,
        null,
        null,
        null,
        null,
        null,
        null,
        null,
        null,
        null,
        null,
        null,
        null,
        null,
        null,
        1,
        null,
        null,
        null,
        null,
        null,
        null,
        null,
        null,
        null,
        1,
        null,
        null,
        null,
        null,
        null,
        null,
        null,
        null,
        null,
        null,
        1,
        null,
        null,
        null,
        null,
        1,
        null,
        null,
        null,
        null,
        null,
        null,
        null,
        null,
        null,
        null,
        null,
        null,
        null,
        null,
        null,
        null,
        null,
        null,
        null,
        null,
        null,
        null,
        null,
        null,
        null,
        null,
        null,
        null,
        null,
        null,
        null,
        null,
        null,
        null,
        null,
        null,
        null,
        null,
        null,
        null,
        1,
        null,
        null,
        null,
        null,
        null,
        null,
        null,
        null,
        null,
        null,
        null,
        null,
        null,
        null,
        null,
        null,
        null,
        null,
        null,
        null,
        null,
        null,
        null,
        null,
        null,
        null,
        null,
        null,
        null,
        null,
        null,
        null,
        null,
        null,
        null,
        null,
        null,
        null,
        null,
        null,
        null,
        1,
        null,
        null,
        null,
        null,
        null,
        1,
        null,
        null,
        null,
        null,
        null,
        null,
        null,
        null,
        null,
        null,
        null,
        null,
        null,
        null,
        null,
        null,
        null,
        null,
        null,
        null,
        null,
        null,
        null,
        null
      ],
      "/home/be5/RailsProjects/bes-todo-list/config/initializers/filter_parameter_logging.rb": [
        null,
        null,
        null,
        1
      ],
      "/home/be5/RailsProjects/bes-todo-list/config/initializers/inflections.rb": [
        null,
        null,
        null,
        null,
        null,
        null,
        null,
        null,
        null,
        null,
        null,
        null,
        null,
        null,
        null,
        null
      ],
      "/home/be5/RailsProjects/bes-todo-list/config/initializers/mime_types.rb": [
        null,
        null,
        null,
        null
      ],
      "/home/be5/RailsProjects/bes-todo-list/config/initializers/sidekiq.rb": [
        1,
        1,
        null,
        null,
        1,
        0,
        null
      ],
      "/home/be5/RailsProjects/bes-todo-list/config/initializers/timezone.rb": [
        1,
        1,
        null
      ],
      "/home/be5/RailsProjects/bes-todo-list/config/initializers/wrap_parameters.rb": [
        null,
        null,
        null,
        null,
        null,
        null,
        1,
        2,
        null,
        null,
        null,
        null,
        null,
        null
      ],
      "/home/be5/RailsProjects/bes-todo-list/spec/factories/lists.rb": [
        1,
        1,
        1,
        9,
        null,
        null
      ],
      "/home/be5/RailsProjects/bes-todo-list/spec/factories/tasks.rb": [
        1,
        1,
        1,
        1,
        1,
        1,
        1,
        null,
        1,
        1,
        null,
        null,
        null
      ],
      "/home/be5/RailsProjects/bes-todo-list/spec/factories/users.rb": [
        1,
        1,
        9,
        9,
        null,
        null
      ],
      "/home/be5/RailsProjects/bes-todo-list/config/routes.rb": [
        1,
        1,
        1,
        1,
        null,
        null,
        null,
        null,
        null,
        1,
        1,
        null,
        null,
        1,
        null,
        null
      ],
      "/home/be5/RailsProjects/bes-todo-list/app/models/user.rb": [
        1,
        null,
        null,
        1,
        null,
        null,
        null,
        1,
        null,
        1,
        0,
        0,
        0,
        null,
        null,
        null
      ],
      "/home/be5/RailsProjects/bes-todo-list/app/models/application_record.rb": [
        1,
        1,
        null
      ],
      "/home/be5/RailsProjects/bes-todo-list/app/helpers/application_helper.rb": [
        1,
        null
      ],
      "/home/be5/RailsProjects/bes-todo-list/app/helpers/lists_helper.rb": [
        1,
        null
      ],
      "/home/be5/RailsProjects/bes-todo-list/app/helpers/tasks_helper.rb": [
        1,
        null
      ],
      "/home/be5/RailsProjects/bes-todo-list/app/models/list.rb": [
        1,
        1,
        1,
        1,
        null
      ],
      "/home/be5/RailsProjects/bes-todo-list/app/controllers/lists_controller.rb": [
        1,
        1,
        1,
        1,
        null,
        null,
        1,
        13,
        null,
        null,
        1,
        0,
        0,
        null,
        null,
        null,
        1,
        0,
        0,
        null,
        null,
        1,
        0,
        null,
        null,
        1,
        3,
        3,
        null,
        null,
        1,
        3,
        null,
        null,
        1,
        3,
        3,
        3,
        1,
        1,
        null,
        2,
        4,
        2,
        null,
        null,
        null,
        null,
        1,
        3,
        3,
        1,
        1,
        null,
        2,
        4,
        2,
        null,
        null,
        null,
        null,
        1,
        1,
        1,
        null,
        1,
        1,
        null,
        null,
        null,
        1,
        1,
        7,
        null,
        null,
        1,
        20,
        null,
        null,
        1,
        6,
        null,
        null
      ],
      "/home/be5/RailsProjects/bes-todo-list/app/controllers/application_controller.rb": [
        1,
        1,
        null,
        1,
        null,
        1,
        27,
        null,
        null,
        1,
        4,
        null,
        null,
        1,
        22,
        null,
        null,
        null
      ],
      "/home/be5/RailsProjects/bes-todo-list/app/controllers/tasks_controller.rb": [
        1,
        1,
        1,
        1,
        null,
        1,
        null,
        1,
        1,
        null,
        null,
        1,
        null,
        1,
        0,
        0,
        null,
        null,
        1,
        0,
        null,
        null,
        1,
        0,
        0,
        0,
        0,
        0,
        0,
        null,
        0,
        0,
        0,
        null,
        null,
        null,
        null,
        1,
        0,
        0,
        0,
        0,
        0,
        0,
        null,
        0,
        0,
        0,
        null,
        null,
        null,
        null,
        1,
        0,
        0,
        null,
        0,
        0,
        null,
        null,
        null,
        1,
        1,
        0,
        0,
        0,
        0,
        null,
        0,
        null,
        null,
        1,
        0,
        null,
        null,
        1,
        1,
        null,
        null,
        1,
        0,
        null,
        null,
        1,
        0,
        0,
        0,
        null,
        null,
        null
      ],
      "/home/be5/RailsProjects/bes-todo-list/app/models/task.rb": [
        1,
        1,
        1,
        null,
        1,
        0,
        0,
        0,
        null,
        0,
        null,
        null,
        null,
        1,
        0,
        null,
        null,
        1,
        0,
        null,
        null,
        1,
        null,
        1,
        0,
        null,
        null,
        null,
        null,
        null,
        null
      ]
    },
    "timestamp": 1533581981
  }
}
